<?xml version="1.0" encoding="UTF-8"?>
<!-- Generated by org.testng.reporters.JUnitReportReporter -->
<testsuite hostname="STIPL-SMBL0339" failures="0" tests="1" name="testComponents.BaseTest" time="0.010" errors="0" timestamp="2024-11-13T00:23:23 IST" skipped="0">
  <testcase classname="testComponents.BaseTest" name="driverSetUp" time="0.010"/>
</testsuite> <!-- testComponents.BaseTest -->
