<?xml version="1.0" encoding="UTF-8"?>
<!-- Generated by org.testng.reporters.JUnitReportReporter -->
<testsuite hostname="STIPL-SMBL0339" failures="0" tests="1" name="testValidations.WishListFeature" time="8.458" errors="0" timestamp="2024-11-08T11:42:09 IST" skipped="0">
  <testcase classname="testValidations.WishListFeature" name="test" time="8.458"/>
</testsuite> <!-- testValidations.WishListFeature -->
