<?xml version="1.0" encoding="UTF-8"?>
<!-- Generated by org.testng.reporters.JUnitReportReporter -->
<testsuite hostname="STIPL-SMBL0339" failures="0" tests="1" name="testValidations.WishListFunctionality" time="17.643" errors="0" timestamp="2024-11-06T13:00:39 IST" skipped="0">
  <testcase classname="testValidations.WishListFunctionality" name="test" time="17.643"/>
</testsuite> <!-- testValidations.WishListFunctionality -->
