<?xml version="1.0" encoding="UTF-8"?>
<!-- Generated by org.testng.reporters.JUnitReportReporter -->
<testsuite hostname="STIPL-SMBL0339" failures="0" tests="2" name="testValidations.AccountTestValidations" time="16.448" errors="0" timestamp="2024-11-06T20:50:27 IST" skipped="0">
  <testcase classname="testValidations.AccountTestValidations" name="accountLogin" time="8.292"/>
  <testcase classname="testValidations.AccountTestValidations" name="accountLogin" time="8.156"/>
</testsuite> <!-- testValidations.AccountTestValidations -->
