<?xml version="1.0" encoding="UTF-8"?>
<!-- Generated by org.testng.reporters.JUnitReportReporter -->
<testsuite hostname="STIPL-SMBL0339" failures="0" tests="1" name="testValidations.DashBoardFunctionality" time="7.534" errors="0" timestamp="2024-11-08T13:10:18 IST" skipped="0">
  <testcase classname="testValidations.DashBoardFunctionality" name="test" time="7.534"/>
</testsuite> <!-- testValidations.DashBoardFunctionality -->
