<?xml version="1.0" encoding="UTF-8"?>
<!-- Generated by org.testng.reporters.JUnitReportReporter -->
<testsuite hostname="STIPL-SMBL0339" failures="0" tests="4" name="testValidations.TestValidationsPOM" time="7.532" errors="0" timestamp="2024-11-18T22:06:16 IST" skipped="0">
  <testcase classname="testValidations.TestValidationsPOM" name="accountLogout" time="3.531"/>
  <testcase classname="testValidations.TestValidationsPOM" name="accountLogin" time="1.233"/>
  <testcase classname="testValidations.TestValidationsPOM" name="dashboard" time="2.027"/>
  <testcase classname="testValidations.TestValidationsPOM" name="wishListFunct" time="0.741"/>
</testsuite> <!-- testValidations.TestValidationsPOM -->
