<?xml version="1.0" encoding="UTF-8"?>
<!-- Generated by org.testng.reporters.JUnitReportReporter -->
<testsuite hostname="STIPL-SMBL0339" failures="0" tests="4" name="testValidations.TestValidationsPOM" time="9.009" errors="0" timestamp="2024-12-07T00:42:53 IST" skipped="0">
  <testcase classname="testValidations.TestValidationsPOM" name="dashboard" time="2.424"/>
  <testcase classname="testValidations.TestValidationsPOM" name="accountLogout" time="3.621"/>
  <testcase classname="testValidations.TestValidationsPOM" name="wishListFunct" time="1.373"/>
  <testcase classname="testValidations.TestValidationsPOM" name="accountLogin" time="1.591"/>
</testsuite> <!-- testValidations.TestValidationsPOM -->
