<?xml version="1.0" encoding="UTF-8"?>
<!-- Generated by org.testng.reporters.JUnitReportReporter -->
<testsuite hostname="STIPL-SMBL0339" failures="0" tests="4" name="testValidations.TestValidations" time="8.053" errors="0" timestamp="2024-11-08T13:40:51 IST" skipped="0">
  <testcase classname="testValidations.TestValidations" name="accountLogin" time="1.337"/>
  <testcase classname="testValidations.TestValidations" name="dashboard" time="2.160"/>
  <testcase classname="testValidations.TestValidations" name="wishListFunct" time="1.096"/>
  <testcase classname="testValidations.TestValidations" name="accountLogout" time="3.460"/>
</testsuite> <!-- testValidations.TestValidations -->
