<?xml version="1.0" encoding="UTF-8"?>
<!-- Generated by org.testng.reporters.JUnitReportReporter -->
<testsuite hostname="STIPL-SMBL0339" failures="0" tests="1" name="testValidations.sampleTest" time="12.921" errors="0" timestamp="2024-11-05T19:41:55 IST" skipped="0">
  <testcase classname="testValidations.sampleTest" name="test" time="12.921"/>
</testsuite> <!-- testValidations.sampleTest -->
