<?xml version="1.0" encoding="UTF-8"?>
<!-- Generated by org.testng.reporters.JUnitReportReporter -->
<testsuite hostname="STIPL-SMBL0339" failures="0" tests="4" name="testValidations.TestValidationsPOM" time="9.100" errors="0" timestamp="2024-11-11T19:47:12 IST" skipped="0">
  <testcase classname="testValidations.TestValidationsPOM" name="accountLogout" time="3.541"/>
  <testcase classname="testValidations.TestValidationsPOM" name="wishListFunct" time="2.076"/>
  <testcase classname="testValidations.TestValidationsPOM" name="accountLogin" time="1.234"/>
  <testcase classname="testValidations.TestValidationsPOM" name="dashboard" time="2.249"/>
</testsuite> <!-- testValidations.TestValidationsPOM -->
